c:\users\alhdh\downloads\ozer_structure\marsexploration\x64\debug\vc142.pdb
c:\users\alhdh\downloads\ozer_structure\marsexploration\x64\debug\vc142.idb
c:\users\alhdh\downloads\ozer_structure\marsexploration\x64\debug\output.obj
c:\users\alhdh\downloads\ozer_structure\marsexploration\x64\debug\input.obj
c:\users\alhdh\downloads\ozer_structure\marsexploration\x64\debug\polarrovers.obj
c:\users\alhdh\downloads\ozer_structure\marsexploration\x64\debug\mountainousrovers.obj
c:\users\alhdh\downloads\ozer_structure\marsexploration\x64\debug\emergencyrovers.obj
c:\users\alhdh\downloads\ozer_structure\marsexploration\x64\debug\polarmission.obj
c:\users\alhdh\downloads\ozer_structure\marsexploration\x64\debug\mountainousmission.obj
c:\users\alhdh\downloads\ozer_structure\marsexploration\x64\debug\missions.obj
c:\users\alhdh\downloads\ozer_structure\marsexploration\x64\debug\emergencymission.obj
c:\users\alhdh\downloads\ozer_structure\marsexploration\x64\debug\marsstation.obj
c:\users\alhdh\downloads\ozer_structure\marsexploration\x64\debug\formulationevent.obj
c:\users\alhdh\downloads\ozer_structure\marsexploration\x64\debug\events.obj
c:\users\owner\source\repos\marsexploration-ozer\marsexploration-ozer\x64\debug\vc142.pdb
c:\users\owner\source\repos\marsexploration-ozer\marsexploration-ozer\x64\debug\vc142.idb
c:\users\owner\source\repos\marsexploration-ozer\marsexploration-ozer\x64\debug\output.obj
c:\users\owner\source\repos\marsexploration-ozer\marsexploration-ozer\x64\debug\polarrovers.obj
c:\users\owner\source\repos\marsexploration-ozer\marsexploration-ozer\x64\debug\mountainousrovers.obj
c:\users\owner\source\repos\marsexploration-ozer\marsexploration-ozer\x64\debug\emergencyrovers.obj
c:\users\owner\source\repos\marsexploration-ozer\marsexploration-ozer\x64\debug\polarmission.obj
c:\users\owner\source\repos\marsexploration-ozer\marsexploration-ozer\x64\debug\mountainousmission.obj
c:\users\owner\source\repos\marsexploration-ozer\marsexploration-ozer\x64\debug\missions.obj
c:\users\owner\source\repos\marsexploration-ozer\marsexploration-ozer\x64\debug\emergencymission.obj
c:\users\owner\source\repos\marsexploration-ozer\marsexploration-ozer\x64\debug\events.obj
c:\users\alhdh\downloads\ozer_structure\marsexploration\x64\debug\dsproject.exe
c:\users\alhdh\downloads\ozer_structure\marsexploration\x64\debug\dsproject.ilk
c:\users\alhdh\downloads\ozer_structure\marsexploration\x64\debug\dsproject.pdb
c:\users\owner\source\repos\marsexploration-ozer\marsexploration-ozer\x64\debug\formulationevent.obj
c:\users\owner\source\repos\marsexploration-ozer\marsexploration-ozer\x64\debug\marsstation.obj
c:\users\owner\source\repos\marsexploration-ozer\marsexploration-ozer\x64\debug\test.obj
c:\users\owner\source\repos\marsexploration-ozer\marsexploration-ozer\x64\debug\dsproject.ilk
c:\users\owner\source\repos\marsexploration-ozer\marsexploration-ozer\x64\debug\dsproject.pdb
c:\users\owner\source\repos\marsexploration-ozer\marsexploration-ozer\x64\debug\dsproject.exe
c:\users\owner\source\repos\marsexploration-ozer\marsexploration-ozer\x64\debug\dsproject.tlog\cl.command.1.tlog
c:\users\owner\source\repos\marsexploration-ozer\marsexploration-ozer\x64\debug\dsproject.tlog\cl.read.1.tlog
c:\users\owner\source\repos\marsexploration-ozer\marsexploration-ozer\x64\debug\dsproject.tlog\cl.write.1.tlog
c:\users\owner\source\repos\marsexploration-ozer\marsexploration-ozer\x64\debug\dsproject.tlog\link.command.1.tlog
c:\users\owner\source\repos\marsexploration-ozer\marsexploration-ozer\x64\debug\dsproject.tlog\link.read.1.tlog
c:\users\owner\source\repos\marsexploration-ozer\marsexploration-ozer\x64\debug\dsproject.tlog\link.write.1.tlog
